2019-12-18 14:23:18,543 INFO o.a.j.u.JMeterUtils: Setting Locale to en_EN
2019-12-18 14:23:18,582 INFO o.a.j.JMeter: Loading user properties from: user.properties
2019-12-18 14:23:18,583 INFO o.a.j.JMeter: Loading system properties from: system.properties
2019-12-18 14:23:18,590 INFO o.a.j.JMeter: Copyright (c) 1998-2019 The Apache Software Foundation
2019-12-18 14:23:18,591 INFO o.a.j.JMeter: Version 5.1.1 r1855137
2019-12-18 14:23:18,591 INFO o.a.j.JMeter: java.version=12.0.2
2019-12-18 14:23:18,591 INFO o.a.j.JMeter: java.vm.name=Java HotSpot(TM) 64-Bit Server VM
2019-12-18 14:23:18,591 INFO o.a.j.JMeter: os.name=Mac OS X
2019-12-18 14:23:18,592 INFO o.a.j.JMeter: os.arch=x86_64
2019-12-18 14:23:18,592 INFO o.a.j.JMeter: os.version=10.15.2
2019-12-18 14:23:18,592 INFO o.a.j.JMeter: file.encoding=UTF-8
2019-12-18 14:23:18,592 INFO o.a.j.JMeter: java.awt.headless=null
2019-12-18 14:23:18,592 INFO o.a.j.JMeter: Max memory     =1073741824
2019-12-18 14:23:18,592 INFO o.a.j.JMeter: Available Processors =4
2019-12-18 14:23:18,606 INFO o.a.j.JMeter: Default Locale=English (EN)
2019-12-18 14:23:18,607 INFO o.a.j.JMeter: JMeter  Locale=English (EN)
2019-12-18 14:23:18,607 INFO o.a.j.JMeter: JMeterHome=/Users/jamessiscaretti/apache-jmeter-5.1.1
2019-12-18 14:23:18,608 INFO o.a.j.JMeter: user.dir  =/Users/jamessiscaretti/apache-jmeter-5.1.1/bin
2019-12-18 14:23:18,608 INFO o.a.j.JMeter: PWD       =/Users/jamessiscaretti/apache-jmeter-5.1.1/bin
2019-12-18 14:23:18,613 INFO o.a.j.JMeter: IP: 192.168.1.232 Name: Jamess-MBP FullName: jamess-mbp
2019-12-18 14:23:20,244 INFO o.a.j.g.a.LookAndFeelCommand: Installing Darcula LAF
2019-12-18 14:23:20,257 INFO o.a.j.g.a.LookAndFeelCommand: Using look and feel: com.bulenkov.darcula.DarculaLaf [Darcula]
2019-12-18 14:23:20,257 INFO o.a.j.JMeter: Setting LAF to: com.bulenkov.darcula.DarculaLaf
2019-12-18 14:23:20,396 INFO o.a.j.JMeter: Loaded icon properties from org/apache/jmeter/images/icon.properties
2019-12-18 14:23:24,724 INFO o.a.j.p.h.s.HTTPSamplerBase: Parser for text/html is org.apache.jmeter.protocol.http.parser.LagartoBasedHtmlParser
2019-12-18 14:23:24,726 INFO o.a.j.p.h.s.HTTPSamplerBase: Parser for application/xhtml+xml is org.apache.jmeter.protocol.http.parser.LagartoBasedHtmlParser
2019-12-18 14:23:24,726 INFO o.a.j.p.h.s.HTTPSamplerBase: Parser for application/xml is org.apache.jmeter.protocol.http.parser.LagartoBasedHtmlParser
2019-12-18 14:23:24,726 INFO o.a.j.p.h.s.HTTPSamplerBase: Parser for text/xml is org.apache.jmeter.protocol.http.parser.LagartoBasedHtmlParser
2019-12-18 14:23:24,727 INFO o.a.j.p.h.s.HTTPSamplerBase: Parser for text/vnd.wap.wml is org.apache.jmeter.protocol.http.parser.RegexpHTMLParser
2019-12-18 14:23:24,727 INFO o.a.j.p.h.s.HTTPSamplerBase: Parser for text/css is org.apache.jmeter.protocol.http.parser.CssParser
2019-12-18 14:23:25,759 INFO o.a.j.e.KeyToolUtils: keytool found at 'keytool'
2019-12-18 14:23:25,760 INFO o.a.j.p.h.p.ProxyControl: HTTP(S) Test Script Recorder SSL Proxy will use keys that support embedded 3rd party resources in file /Users/jamessiscaretti/apache-jmeter-5.1.1/bin/proxyserver.jks
2019-12-18 14:23:26,134 INFO o.a.j.s.FileServer: Default base='/Users/jamessiscaretti/apache-jmeter-5.1.1/bin'
2019-12-18 14:23:27,051 INFO o.a.j.s.SampleResult: Note: Sample TimeStamps are START times
2019-12-18 14:23:27,051 INFO o.a.j.s.SampleResult: sampleresult.default.encoding is set to ISO-8859-1
2019-12-18 14:23:27,051 INFO o.a.j.s.SampleResult: sampleresult.useNanoTime=true
2019-12-18 14:23:27,051 INFO o.a.j.s.SampleResult: sampleresult.nanoThreadSleep=5000
2019-12-18 14:23:27,113 INFO o.a.j.v.ViewResultsFullVisualizer: Add JavaFX to your Java installation if you want to use renderer: org.apache.jmeter.visualizers.RenderInBrowser
2019-12-18 14:23:33,197 INFO o.a.j.g.a.Load: Loading file: /Users/jamessiscaretti/apache-jmeter-5.1.1/bin/blazetest.jmx
2019-12-18 14:23:33,198 INFO o.a.j.s.FileServer: Set new base='/Users/jamessiscaretti/apache-jmeter-5.1.1/bin'
2019-12-18 14:23:33,698 INFO o.a.j.s.SaveService: Testplan (JMX) version: 2.2. Testlog (JTL) version: 2.2
2019-12-18 14:23:33,773 INFO o.a.j.s.SaveService: Using SaveService properties version 5.0
2019-12-18 14:23:33,776 INFO o.a.j.s.SaveService: Using SaveService properties file encoding UTF-8
2019-12-18 14:23:33,779 INFO o.a.j.s.SaveService: Loading file: /Users/jamessiscaretti/apache-jmeter-5.1.1/bin/blazetest.jmx
2019-12-18 14:23:33,994 INFO o.a.j.v.ViewResultsFullVisualizer: Add JavaFX to your Java installation if you want to use renderer: org.apache.jmeter.visualizers.RenderInBrowser
2019-12-18 14:23:34,138 INFO o.a.j.v.ViewResultsFullVisualizer: Add JavaFX to your Java installation if you want to use renderer: org.apache.jmeter.visualizers.RenderInBrowser
2019-12-18 14:23:34,248 INFO o.a.j.s.FileServer: Set new base='/Users/jamessiscaretti/apache-jmeter-5.1.1/bin'
2019-12-18 14:23:59,884 INFO o.a.j.e.StandardJMeterEngine: Running the test!
2019-12-18 14:23:59,889 INFO o.a.j.s.SampleEvent: List of sample_variables: []
2019-12-18 14:23:59,889 INFO o.a.j.s.SampleEvent: List of sample_variables: []
2019-12-18 14:23:59,893 INFO o.a.j.e.u.CompoundVariable: Note: Function class names must contain the string: '.functions.'
2019-12-18 14:23:59,893 INFO o.a.j.e.u.CompoundVariable: Note: Function class names must not contain the string: '.gui.'
2019-12-18 14:24:00,654 INFO o.a.j.g.u.JMeterMenuBar: setRunning(true, *local*)
2019-12-18 14:24:00,777 INFO o.a.j.e.StandardJMeterEngine: Starting ThreadGroup: 1 : Blaze Register Grp
2019-12-18 14:24:00,777 INFO o.a.j.e.StandardJMeterEngine: Starting 25 threads for group Blaze Register Grp.
2019-12-18 14:24:00,778 INFO o.a.j.e.StandardJMeterEngine: Thread will continue on error
2019-12-18 14:24:00,778 INFO o.a.j.t.ThreadGroup: Starting thread group... number=1 threads=25 ramp-up=30 delayedStart=false
2019-12-18 14:24:00,793 INFO o.a.j.t.JMeterThread: Thread started: Blaze Register Grp 1-1
2019-12-18 14:24:00,829 INFO o.a.j.t.ThreadGroup: Started thread group number 1
2019-12-18 14:24:00,829 INFO o.a.j.e.StandardJMeterEngine: Starting ThreadGroup: 2 : Blaze Find Flights Grp
2019-12-18 14:24:00,829 INFO o.a.j.e.StandardJMeterEngine: Starting 10 threads for group Blaze Find Flights Grp.
2019-12-18 14:24:00,830 INFO o.a.j.e.StandardJMeterEngine: Thread will continue on error
2019-12-18 14:24:00,830 INFO o.a.j.t.ThreadGroup: Starting thread group... number=2 threads=10 ramp-up=30 delayedStart=false
2019-12-18 14:24:00,843 INFO o.a.j.t.ThreadGroup: Started thread group number 2
2019-12-18 14:24:00,844 INFO o.a.j.e.StandardJMeterEngine: All thread groups have been started
2019-12-18 14:24:00,848 INFO o.a.j.t.JMeterThread: Thread started: Blaze Find Flights Grp 2-1
2019-12-18 14:24:00,863 INFO o.a.j.s.FileServer: Stored: /Users/jamessiscaretti/apache-jmeter-5.1.1/bin/PurchaseData.csv
2019-12-18 14:24:00,888 INFO o.a.j.p.h.s.HTTPHCAbstractImpl: Local host = Jamess-MBP
2019-12-18 14:24:00,918 INFO o.a.j.p.h.s.HTTPHC4Impl: HTTP request retry count = 0
2019-12-18 14:24:01,989 INFO o.a.j.t.JMeterThread: Thread started: Blaze Register Grp 1-2
2019-12-18 14:24:02,307 INFO o.a.j.u.JsseSSLManager: Using default SSL protocol: TLS
2019-12-18 14:24:02,307 INFO o.a.j.u.JsseSSLManager: SSL session context: per-thread
2019-12-18 14:24:03,190 INFO o.a.j.t.JMeterThread: Thread started: Blaze Register Grp 1-3
2019-12-18 14:24:03,856 INFO o.a.j.t.JMeterThread: Thread started: Blaze Find Flights Grp 2-2
2019-12-18 14:24:04,382 INFO o.a.j.t.JMeterThread: Thread started: Blaze Register Grp 1-4
2019-12-18 14:24:05,581 INFO o.a.j.t.JMeterThread: Thread started: Blaze Register Grp 1-5
2019-12-18 14:24:06,784 INFO o.a.j.t.JMeterThread: Thread started: Blaze Register Grp 1-6
2019-12-18 14:24:06,853 INFO o.a.j.t.JMeterThread: Thread started: Blaze Find Flights Grp 2-3
2019-12-18 14:24:07,983 INFO o.a.j.t.JMeterThread: Thread started: Blaze Register Grp 1-7
2019-12-18 14:24:09,184 INFO o.a.j.t.JMeterThread: Thread started: Blaze Register Grp 1-8
2019-12-18 14:24:09,847 INFO o.a.j.t.JMeterThread: Thread started: Blaze Find Flights Grp 2-4
2019-12-18 14:24:10,381 INFO o.a.j.t.JMeterThread: Thread started: Blaze Register Grp 1-9
2019-12-18 14:24:11,580 INFO o.a.j.t.JMeterThread: Thread started: Blaze Register Grp 1-10
2019-12-18 14:24:12,783 INFO o.a.j.t.JMeterThread: Thread started: Blaze Register Grp 1-11
2019-12-18 14:24:12,848 INFO o.a.j.t.JMeterThread: Thread started: Blaze Find Flights Grp 2-5
2019-12-18 14:24:13,982 INFO o.a.j.t.JMeterThread: Thread started: Blaze Register Grp 1-12
2019-12-18 14:24:15,184 INFO o.a.j.t.JMeterThread: Thread started: Blaze Register Grp 1-13
2019-12-18 14:24:15,845 INFO o.a.j.t.JMeterThread: Thread started: Blaze Find Flights Grp 2-6
2019-12-18 14:24:16,382 INFO o.a.j.t.JMeterThread: Thread started: Blaze Register Grp 1-14
2019-12-18 14:24:17,584 INFO o.a.j.t.JMeterThread: Thread started: Blaze Register Grp 1-15
2019-12-18 14:24:18,781 INFO o.a.j.t.JMeterThread: Thread started: Blaze Register Grp 1-16
2019-12-18 14:24:18,844 INFO o.a.j.t.JMeterThread: Thread started: Blaze Find Flights Grp 2-7
2019-12-18 14:24:19,985 INFO o.a.j.t.JMeterThread: Thread started: Blaze Register Grp 1-17
2019-12-18 14:24:21,184 INFO o.a.j.t.JMeterThread: Thread started: Blaze Register Grp 1-18
2019-12-18 14:24:21,843 INFO o.a.j.t.JMeterThread: Thread started: Blaze Find Flights Grp 2-8
2019-12-18 14:24:22,382 INFO o.a.j.t.JMeterThread: Thread started: Blaze Register Grp 1-19
2019-12-18 14:24:23,583 INFO o.a.j.t.JMeterThread: Thread started: Blaze Register Grp 1-20
2019-12-18 14:24:24,782 INFO o.a.j.t.JMeterThread: Thread started: Blaze Register Grp 1-21
2019-12-18 14:24:24,842 INFO o.a.j.t.JMeterThread: Thread started: Blaze Find Flights Grp 2-9
2019-12-18 14:24:25,982 INFO o.a.j.t.JMeterThread: Thread started: Blaze Register Grp 1-22
2019-12-18 14:24:27,181 INFO o.a.j.t.JMeterThread: Thread started: Blaze Register Grp 1-23
2019-12-18 14:24:27,839 INFO o.a.j.t.JMeterThread: Thread started: Blaze Find Flights Grp 2-10
2019-12-18 14:24:28,383 INFO o.a.j.t.JMeterThread: Thread started: Blaze Register Grp 1-24
2019-12-18 14:24:29,579 INFO o.a.j.t.JMeterThread: Thread started: Blaze Register Grp 1-25
2019-12-18 14:26:00,844 INFO o.a.j.t.JMeterThread: Stopping because end time detected by thread: Blaze Find Flights Grp 2-1
2019-12-18 14:26:00,863 INFO o.a.j.t.JMeterThread: Stopping because end time detected by thread: Blaze Register Grp 1-10
2019-12-18 14:26:00,867 INFO o.a.j.t.JMeterThread: Thread finished: Blaze Register Grp 1-10
2019-12-18 14:26:00,867 INFO o.a.j.t.JMeterThread: Thread finished: Blaze Find Flights Grp 2-1
2019-12-18 14:26:00,870 INFO o.a.j.t.JMeterThread: Stopping because end time detected by thread: Blaze Register Grp 1-15
2019-12-18 14:26:00,870 INFO o.a.j.t.JMeterThread: Thread finished: Blaze Register Grp 1-15
2019-12-18 14:26:00,927 INFO o.a.j.t.JMeterThread: Stopping because end time detected by thread: Blaze Register Grp 1-24
2019-12-18 14:26:00,928 INFO o.a.j.t.JMeterThread: Thread finished: Blaze Register Grp 1-24
2019-12-18 14:26:00,947 INFO o.a.j.t.JMeterThread: Stopping because end time detected by thread: Blaze Find Flights Grp 2-8
2019-12-18 14:26:00,948 INFO o.a.j.t.JMeterThread: Thread finished: Blaze Find Flights Grp 2-8
2019-12-18 14:26:00,961 INFO o.a.j.t.JMeterThread: Stopping because end time detected by thread: Blaze Register Grp 1-3
2019-12-18 14:26:00,961 INFO o.a.j.t.JMeterThread: Thread finished: Blaze Register Grp 1-3
2019-12-18 14:26:00,970 INFO o.a.j.t.JMeterThread: Stopping because end time detected by thread: Blaze Register Grp 1-14
2019-12-18 14:26:00,971 INFO o.a.j.t.JMeterThread: Stopping because end time detected by thread: Blaze Find Flights Grp 2-10
2019-12-18 14:26:00,971 INFO o.a.j.t.JMeterThread: Thread finished: Blaze Register Grp 1-14
2019-12-18 14:26:00,971 INFO o.a.j.t.JMeterThread: Thread finished: Blaze Find Flights Grp 2-10
2019-12-18 14:26:00,973 INFO o.a.j.t.JMeterThread: Stopping because end time detected by thread: Blaze Register Grp 1-23
2019-12-18 14:26:00,973 INFO o.a.j.t.JMeterThread: Thread finished: Blaze Register Grp 1-23
2019-12-18 14:26:00,976 INFO o.a.j.t.JMeterThread: Stopping because end time detected by thread: Blaze Find Flights Grp 2-5
2019-12-18 14:26:00,976 INFO o.a.j.t.JMeterThread: Thread finished: Blaze Find Flights Grp 2-5
2019-12-18 14:26:00,983 INFO o.a.j.t.JMeterThread: Stopping because end time detected by thread: Blaze Find Flights Grp 2-4
2019-12-18 14:26:00,984 INFO o.a.j.t.JMeterThread: Thread finished: Blaze Find Flights Grp 2-4
2019-12-18 14:26:01,031 INFO o.a.j.t.JMeterThread: Stopping because end time detected by thread: Blaze Register Grp 1-13
2019-12-18 14:26:01,031 INFO o.a.j.t.JMeterThread: Stopping because end time detected by thread: Blaze Register Grp 1-12
2019-12-18 14:26:01,031 INFO o.a.j.t.JMeterThread: Thread finished: Blaze Register Grp 1-13
2019-12-18 14:26:01,032 INFO o.a.j.t.JMeterThread: Thread finished: Blaze Register Grp 1-12
2019-12-18 14:26:01,034 INFO o.a.j.t.JMeterThread: Stopping because end time detected by thread: Blaze Register Grp 1-5
2019-12-18 14:26:01,034 INFO o.a.j.t.JMeterThread: Thread finished: Blaze Register Grp 1-5
2019-12-18 14:26:01,054 INFO o.a.j.t.JMeterThread: Stopping because end time detected by thread: Blaze Register Grp 1-7
2019-12-18 14:26:01,054 INFO o.a.j.t.JMeterThread: Thread finished: Blaze Register Grp 1-7
2019-12-18 14:26:01,066 INFO o.a.j.t.JMeterThread: Stopping because end time detected by thread: Blaze Register Grp 1-17
2019-12-18 14:26:01,067 INFO o.a.j.t.JMeterThread: Thread finished: Blaze Register Grp 1-17
2019-12-18 14:26:01,090 INFO o.a.j.t.JMeterThread: Stopping because end time detected by thread: Blaze Register Grp 1-2
2019-12-18 14:26:01,091 INFO o.a.j.t.JMeterThread: Thread finished: Blaze Register Grp 1-2
2019-12-18 14:26:01,094 INFO o.a.j.t.JMeterThread: Stopping because end time detected by thread: Blaze Register Grp 1-4
2019-12-18 14:26:01,094 INFO o.a.j.t.JMeterThread: Thread finished: Blaze Register Grp 1-4
2019-12-18 14:26:01,095 INFO o.a.j.t.JMeterThread: Stopping because end time detected by thread: Blaze Find Flights Grp 2-9
2019-12-18 14:26:01,096 INFO o.a.j.t.JMeterThread: Thread finished: Blaze Find Flights Grp 2-9
2019-12-18 14:26:01,103 INFO o.a.j.t.JMeterThread: Stopping because end time detected by thread: Blaze Register Grp 1-11
2019-12-18 14:26:01,103 INFO o.a.j.t.JMeterThread: Thread finished: Blaze Register Grp 1-11
2019-12-18 14:26:01,114 INFO o.a.j.t.JMeterThread: Stopping because end time detected by thread: Blaze Register Grp 1-6
2019-12-18 14:26:01,114 INFO o.a.j.t.JMeterThread: Stopping because end time detected by thread: Blaze Register Grp 1-21
2019-12-18 14:26:01,115 INFO o.a.j.t.JMeterThread: Thread finished: Blaze Register Grp 1-6
2019-12-18 14:26:01,115 INFO o.a.j.t.JMeterThread: Thread finished: Blaze Register Grp 1-21
2019-12-18 14:26:01,121 INFO o.a.j.t.JMeterThread: Stopping because end time detected by thread: Blaze Register Grp 1-19
2019-12-18 14:26:01,121 INFO o.a.j.t.JMeterThread: Thread finished: Blaze Register Grp 1-19
2019-12-18 14:26:01,122 INFO o.a.j.t.JMeterThread: Stopping because end time detected by thread: Blaze Register Grp 1-8
2019-12-18 14:26:01,122 INFO o.a.j.t.JMeterThread: Thread finished: Blaze Register Grp 1-8
2019-12-18 14:26:01,126 INFO o.a.j.t.JMeterThread: Stopping because end time detected by thread: Blaze Register Grp 1-25
2019-12-18 14:26:01,126 INFO o.a.j.t.JMeterThread: Thread finished: Blaze Register Grp 1-25
2019-12-18 14:26:01,127 INFO o.a.j.t.JMeterThread: Stopping because end time detected by thread: Blaze Register Grp 1-20
2019-12-18 14:26:01,127 INFO o.a.j.t.JMeterThread: Thread finished: Blaze Register Grp 1-20
2019-12-18 14:26:01,137 INFO o.a.j.t.JMeterThread: Stopping because end time detected by thread: Blaze Find Flights Grp 2-3
2019-12-18 14:26:01,137 INFO o.a.j.t.JMeterThread: Stopping because end time detected by thread: Blaze Find Flights Grp 2-2
2019-12-18 14:26:01,137 INFO o.a.j.t.JMeterThread: Thread finished: Blaze Find Flights Grp 2-2
2019-12-18 14:26:01,137 INFO o.a.j.t.JMeterThread: Thread finished: Blaze Find Flights Grp 2-3
2019-12-18 14:26:01,142 INFO o.a.j.t.JMeterThread: Stopping because end time detected by thread: Blaze Register Grp 1-9
2019-12-18 14:26:01,143 INFO o.a.j.t.JMeterThread: Thread finished: Blaze Register Grp 1-9
2019-12-18 14:26:01,145 INFO o.a.j.t.JMeterThread: Stopping because end time detected by thread: Blaze Register Grp 1-1
2019-12-18 14:26:01,145 INFO o.a.j.t.JMeterThread: Thread finished: Blaze Register Grp 1-1
2019-12-18 14:26:01,154 INFO o.a.j.t.JMeterThread: Stopping because end time detected by thread: Blaze Find Flights Grp 2-6
2019-12-18 14:26:01,155 INFO o.a.j.t.JMeterThread: Thread finished: Blaze Find Flights Grp 2-6
2019-12-18 14:26:01,156 INFO o.a.j.t.JMeterThread: Stopping because end time detected by thread: Blaze Register Grp 1-22
2019-12-18 14:26:01,156 INFO o.a.j.t.JMeterThread: Thread finished: Blaze Register Grp 1-22
2019-12-18 14:26:01,157 INFO o.a.j.t.JMeterThread: Stopping because end time detected by thread: Blaze Register Grp 1-16
2019-12-18 14:26:01,157 INFO o.a.j.t.JMeterThread: Thread finished: Blaze Register Grp 1-16
2019-12-18 14:26:01,165 INFO o.a.j.t.JMeterThread: Stopping because end time detected by thread: Blaze Register Grp 1-18
2019-12-18 14:26:01,166 INFO o.a.j.t.JMeterThread: Thread finished: Blaze Register Grp 1-18
2019-12-18 14:26:01,184 INFO o.a.j.t.JMeterThread: Stopping because end time detected by thread: Blaze Find Flights Grp 2-7
2019-12-18 14:26:01,184 INFO o.a.j.t.JMeterThread: Thread finished: Blaze Find Flights Grp 2-7
2019-12-18 14:26:01,185 INFO o.a.j.e.StandardJMeterEngine: Notifying test listeners of end of test
2019-12-18 14:26:01,185 INFO o.a.j.s.FileServer: Close: /Users/jamessiscaretti/apache-jmeter-5.1.1/bin/PurchaseData.csv
2019-12-18 14:26:01,185 INFO o.a.j.g.u.JMeterMenuBar: setRunning(false, *local*)
